<?xml version="1.0" encoding="UTF-8"?>
<!-- Generated by org.testng.reporters.JUnitXMLReporter -->
<testsuite ignored="3" hostname="INNODS0036" failures="0" tests="1" name="Default test" time="2.964" errors="0" timestamp="2026-03-31T13:17:05 IST">
  <testcase classname="api.test.PlaceTests2" name="testAddPlace" time="0.04"/>
  <testcase classname="api.test.PlaceTests2" name="testDeletePlace" time="0.0">
    <ignored/>
  </testcase> <!-- testDeletePlace -->
  <testcase classname="api.test.PlaceTests2" name="testUpdatePlace" time="0.0">
    <ignored/>
  </testcase> <!-- testUpdatePlace -->
  <testcase classname="api.test.PlaceTests2" name="testGetPlace" time="0.0">
    <ignored/>
  </testcase> <!-- testGetPlace -->
</testsuite> <!-- Default test -->
