<?xml version="1.0" encoding="UTF-8"?>
<!-- Generated by org.testng.reporters.JUnitXMLReporter -->
<testsuite ignored="0" hostname="INNODS0036" failures="0" tests="4" name="Test" time="7.437" errors="0" timestamp="2026-03-31T16:50:03 IST">
  <testcase classname="api.test.PlaceTests2" name="testAddPlace" time="0.055"/>
  <testcase classname="api.test.PlaceTests2" name="testGetPlace" time="1.198"/>
  <testcase classname="api.test.PlaceTests2" name="testUpdatePlace" time="3.306"/>
  <testcase classname="api.test.PlaceTests2" name="testDeletePlace" time="0.127"/>
</testsuite> <!-- Test -->
