<?xml version="1.0" encoding="UTF-8"?>
<!-- Generated by org.testng.reporters.JUnitXMLReporter -->
<testsuite ignored="0" hostname="INNODS0036" failures="0" tests="4" name="Test" time="5.57" errors="0" timestamp="2026-03-31T13:24:30 IST">
  <testcase classname="api.test.PlaceTests2" name="testAddPlace" time="0.047"/>
  <testcase classname="api.test.PlaceTests2" name="testGetPlace" time="0.188"/>
  <testcase classname="api.test.PlaceTests2" name="testUpdatePlace" time="2.785"/>
  <testcase classname="api.test.PlaceTests2" name="testDeletePlace" time="0.181"/>
</testsuite> <!-- Test -->
