<?xml version="1.0" encoding="UTF-8"?>
<testng-results ignored="0" total="4" passed="4" failed="0" skipped="0">
  <reporter-output>
  </reporter-output>
  <suite started-at="2026-03-31T13:24:24 IST" name="Suite" finished-at="2026-03-31T13:24:29 IST" duration-ms="5570">
    <groups>
    </groups>
    <test started-at="2026-03-31T13:24:24 IST" name="Test" finished-at="2026-03-31T13:24:29 IST" duration-ms="5570">
      <class name="api.test.PlaceTests2">
        <test-method is-config="true" signature="setup()[pri:0, instance:api.test.PlaceTests2@367ffa75]" started-at="2026-03-31T13:24:24 IST" name="setup" finished-at="2026-03-31T13:24:26 IST" duration-ms="2120" status="PASS">
          <reporter-output>
          </reporter-output>
        </test-method> <!-- setup -->
        <test-method signature="testAddPlace()[pri:0, instance:api.test.PlaceTests2@367ffa75]" started-at="2026-03-31T13:24:26 IST" name="testAddPlace" finished-at="2026-03-31T13:24:26 IST" duration-ms="47" status="PASS">
          <reporter-output>
          </reporter-output>
        </test-method> <!-- testAddPlace -->
        <test-method signature="testGetPlace()[pri:1, instance:api.test.PlaceTests2@367ffa75]" started-at="2026-03-31T13:24:26 IST" name="testGetPlace" finished-at="2026-03-31T13:24:26 IST" duration-ms="188" status="PASS">
          <reporter-output>
          </reporter-output>
        </test-method> <!-- testGetPlace -->
        <test-method signature="testUpdatePlace()[pri:2, instance:api.test.PlaceTests2@367ffa75]" started-at="2026-03-31T13:24:26 IST" name="testUpdatePlace" finished-at="2026-03-31T13:24:29 IST" duration-ms="2785" status="PASS">
          <reporter-output>
          </reporter-output>
        </test-method> <!-- testUpdatePlace -->
        <test-method signature="testDeletePlace()[pri:3, instance:api.test.PlaceTests2@367ffa75]" started-at="2026-03-31T13:24:29 IST" name="testDeletePlace" finished-at="2026-03-31T13:24:29 IST" duration-ms="181" status="PASS">
          <reporter-output>
          </reporter-output>
        </test-method> <!-- testDeletePlace -->
      </class> <!-- api.test.PlaceTests2 -->
    </test> <!-- Test -->
  </suite> <!-- Suite -->
</testng-results>
