<?xml version="1.0" encoding="UTF-8"?>
<testng-results ignored="0" total="4" passed="4" failed="0" skipped="0">
  <reporter-output>
  </reporter-output>
  <suite started-at="2026-03-31T16:49:55 IST" name="Suite" finished-at="2026-03-31T16:50:02 IST" duration-ms="7437">
    <groups>
    </groups>
    <test started-at="2026-03-31T16:49:55 IST" name="Test" finished-at="2026-03-31T16:50:02 IST" duration-ms="7437">
      <class name="api.test.PlaceTests2">
        <test-method is-config="true" signature="setup()[pri:0, instance:api.test.PlaceTests2@367ffa75]" started-at="2026-03-31T16:49:55 IST" name="setup" finished-at="2026-03-31T16:49:58 IST" duration-ms="2468" status="PASS">
          <reporter-output>
          </reporter-output>
        </test-method> <!-- setup -->
        <test-method signature="testAddPlace()[pri:0, instance:api.test.PlaceTests2@367ffa75]" started-at="2026-03-31T16:49:58 IST" name="testAddPlace" finished-at="2026-03-31T16:49:58 IST" duration-ms="55" status="PASS">
          <reporter-output>
          </reporter-output>
        </test-method> <!-- testAddPlace -->
        <test-method signature="testGetPlace()[pri:1, instance:api.test.PlaceTests2@367ffa75]" started-at="2026-03-31T16:49:58 IST" name="testGetPlace" finished-at="2026-03-31T16:49:59 IST" duration-ms="1198" status="PASS">
          <reporter-output>
          </reporter-output>
        </test-method> <!-- testGetPlace -->
        <test-method signature="testUpdatePlace()[pri:2, instance:api.test.PlaceTests2@367ffa75]" started-at="2026-03-31T16:49:59 IST" name="testUpdatePlace" finished-at="2026-03-31T16:50:02 IST" duration-ms="3306" status="PASS">
          <reporter-output>
          </reporter-output>
        </test-method> <!-- testUpdatePlace -->
        <test-method signature="testDeletePlace()[pri:3, instance:api.test.PlaceTests2@367ffa75]" started-at="2026-03-31T16:50:02 IST" name="testDeletePlace" finished-at="2026-03-31T16:50:02 IST" duration-ms="127" status="PASS">
          <reporter-output>
          </reporter-output>
        </test-method> <!-- testDeletePlace -->
      </class> <!-- api.test.PlaceTests2 -->
    </test> <!-- Test -->
  </suite> <!-- Suite -->
</testng-results>
