<?xml version="1.0" encoding="UTF-8"?>
<!-- Generated by org.testng.reporters.JUnitReportReporter -->
<testsuite hostname="INNODS0036" failures="0" tests="4" name="api.test.PlaceTests" time="3.971" errors="0" timestamp="2026-03-31T10:38:30 IST" skipped="0">
  <testcase classname="api.test.PlaceTests" name="testAddPlace" time="0.112"/>
  <testcase classname="api.test.PlaceTests" name="testGetPlace" time="0.331"/>
  <testcase classname="api.test.PlaceTests" name="testUpdatePlace" time="3.378"/>
  <testcase classname="api.test.PlaceTests" name="testDeletePlace" time="0.150"/>
</testsuite> <!-- api.test.PlaceTests -->
