<?xml version="1.0" encoding="UTF-8"?>
<!-- Generated by org.testng.reporters.JUnitReportReporter -->
<testsuite hostname="INNODS0036" failures="0" tests="3" name="com.test.DynamicJson" time="2.812" errors="0" timestamp="2026-02-25T12:31:00 IST" skipped="0">
  <testcase classname="com.test.DynamicJson" name="addBook" time="0.154"/>
  <testcase classname="com.test.DynamicJson" name="addBook" time="0.163"/>
  <testcase classname="com.test.DynamicJson" name="addBook" time="2.495"/>
</testsuite> <!-- com.test.DynamicJson -->
