<?xml version="1.0" encoding="UTF-8"?>
<!-- Generated by org.testng.reporters.JUnitReportReporter -->
<testsuite hostname="INNODS0036" failures="0" tests="1" name="com.test.AddPlace" time="1.157" errors="1" timestamp="2026-03-16T12:15:12 IST" skipped="0">
  <testcase classname="com.test.AddPlace" name="createPayloadUsingHashMap" time="1.157">
    <error message="Class com.fasterxml.jackson.annotation.JsonFormat$Shape does not have member field &#039;com.fasterxml.jackson.annotation.JsonFormat$Shape POJO&#039;" type="java.lang.NoSuchFieldError">
      <![CDATA[java.lang.NoSuchFieldError: Class com.fasterxml.jackson.annotation.JsonFormat$Shape does not have member field 'com.fasterxml.jackson.annotation.JsonFormat$Shape POJO'
at tools.jackson.databind.ser.BasicSerializerFactory.buildMapSerializer(BasicSerializerFactory.java:692)
at tools.jackson.databind.ser.BasicSerializerFactory.buildContainerSerializer(BasicSerializerFactory.java:491)
at tools.jackson.databind.ser.BeanSerializerFactory._createSerializer2(BeanSerializerFactory.java:199)
at tools.jackson.databind.ser.BeanSerializerFactory.createSerializer(BeanSerializerFactory.java:182)
at tools.jackson.databind.SerializationContext._createAndCacheUntypedSerializer(SerializationContext.java:968)
at tools.jackson.databind.SerializationContext.findValueSerializer(SerializationContext.java:774)
at tools.jackson.databind.SerializationContext.findTypedValueSerializer(SerializationContext.java:586)
at tools.jackson.databind.ser.SerializationContextExt.serializeValue(SerializationContextExt.java:297)
at tools.jackson.databind.ObjectMapper.writeValue(ObjectMapper.java:1242)
at org.codehaus.groovy.vmplugin.v8.IndyInterface.fromCache(IndyInterface.java:344)
at io.restassured.internal.mapping.Jackson3Mapper.serialize(Jackson3Mapper.groovy:54)
at io.restassured.internal.mapping.Jackson3Mapper.serialize(Jackson3Mapper.groovy)
at org.codehaus.groovy.vmplugin.v8.IndyInterface.fromCache(IndyInterface.java:344)
at io.restassured.internal.mapping.ObjectMapping.serializeWithJackson3(ObjectMapping.groovy:233)
at org.codehaus.groovy.vmplugin.v8.IndyInterface.fromCache(IndyInterface.java:344)
at io.restassured.internal.mapping.ObjectMapping.serialize(ObjectMapping.groovy:162)
at org.codehaus.groovy.vmplugin.v8.IndyInterface.fromCache(IndyInterface.java:344)
at io.restassured.internal.RequestSpecificationImpl.body(RequestSpecificationImpl.groovy:857)
at com.test.AddPlace.createPayloadUsingHashMap(AddPlace.java:95)
at java.base/jdk.internal.reflect.DirectMethodHandleAccessor.invoke(DirectMethodHandleAccessor.java:103)
at java.base/java.lang.reflect.Method.invoke(Method.java:580)
at org.testng.internal.invokers.MethodInvocationHelper.invokeMethod(MethodInvocationHelper.java:141)
at org.testng.internal.invokers.TestInvoker.invokeMethod(TestInvoker.java:697)
at org.testng.internal.invokers.TestInvoker.invokeTestMethod(TestInvoker.java:230)
at org.testng.internal.invokers.MethodRunner.runInSequence(MethodRunner.java:63)
at org.testng.internal.invokers.TestInvoker$MethodInvocationAgent.invoke(TestInvoker.java:1005)
at org.testng.internal.invokers.TestInvoker.invokeTestMethods(TestInvoker.java:203)
at org.testng.internal.invokers.TestMethodWorker.invokeTestMethods(TestMethodWorker.java:154)
at org.testng.internal.invokers.TestMethodWorker.run(TestMethodWorker.java:134)
at java.base/java.util.ArrayList.forEach(ArrayList.java:1596)
at org.testng.TestRunner.privateRun(TestRunner.java:744)
at org.testng.TestRunner.run(TestRunner.java:616)
at org.testng.SuiteRunner.runTest(SuiteRunner.java:421)
at org.testng.SuiteRunner.runSequentially(SuiteRunner.java:413)
at org.testng.SuiteRunner.privateRun(SuiteRunner.java:373)
at org.testng.SuiteRunner.run(SuiteRunner.java:312)
at org.testng.SuiteRunnerWorker.runSuite(SuiteRunnerWorker.java:52)
at org.testng.SuiteRunnerWorker.run(SuiteRunnerWorker.java:95)
at org.testng.TestNG.runSuitesSequentially(TestNG.java:1274)
at org.testng.TestNG.runSuitesLocally(TestNG.java:1208)
at org.testng.TestNG.runSuites(TestNG.java:1112)
at org.testng.TestNG.run(TestNG.java:1079)
at org.testng.remote.AbstractRemoteTestNG.run(AbstractRemoteTestNG.java:115)
at org.testng.remote.RemoteTestNG.initAndRun(RemoteTestNG.java:293)
at org.testng.remote.RemoteTestNG.main(RemoteTestNG.java:91)
]]>
    </error>
  </testcase> <!-- createPayloadUsingHashMap -->
</testsuite> <!-- com.test.AddPlace -->
